19-07-21 21:38:24 [INFO] Logger started.
19-07-21 21:38:24 [INFO] Logging system initialized.
19-07-21 21:38:24 [INFO] Detected Minecraft version: 1.14.3
19-07-21 21:38:48 [INFO] McAccess set to: 1.13.2-1.14|? / Bukkit-API
19-07-21 21:38:48 [INFO] Added block-info for Minecraft 1.5 blocks.
19-07-21 21:38:48 [INFO] Added block-info for Minecraft 1.6.1 blocks.
19-07-21 21:38:48 [INFO] Added block-info for Minecraft 1.7.2 blocks.
19-07-21 21:38:48 [INFO] Added block-info for Minecraft 1.8 blocks.
19-07-21 21:38:48 [INFO] Added block-info for Minecraft 1.9 blocks.
19-07-21 21:38:48 [INFO] Added block-info for Minecraft 1.10 blocks.
19-07-21 21:38:48 [INFO] Added block-info for Minecraft 1.11 blocks.
19-07-21 21:38:48 [INFO] Added block-info for Minecraft 1.12 blocks.
19-07-21 21:38:48 [INFO] Added block-info for Minecraft 1.13 blocks.
19-07-21 21:38:48 [INFO] Added block-info for Minecraft 1.14 blocks.
19-07-21 21:38:48 [FINE] The following blocks can not be modeled correctly: BELL, COMPOSTER, DEAD_BRAIN_CORAL, DEAD_BRAIN_CORAL_FAN, DEAD_BRAIN_CORAL_WALL_FAN, DEAD_BUBBLE_CORAL, DEAD_BUBBLE_CORAL_FAN, DEAD_BUBBLE_CORAL_WALL_FAN, DEAD_FIRE_CORAL, DEAD_FIRE_CORAL_FAN, DEAD_FIRE_CORAL_WALL_FAN, DEAD_HORN_CORAL, DEAD_HORN_CORAL_FAN, DEAD_HORN_CORAL_WALL_FAN, DEAD_TUBE_CORAL, DEAD_TUBE_CORAL_FAN, DEAD_TUBE_CORAL_WALL_FAN, GRINDSTONE, SCAFFOLDING, STONECUTTER
19-07-21 21:38:48 [INFO] Inventory checks: FastConsume is available, disabled InstantEat.
19-07-21 21:38:48 [INFO] Adding packet level hooks for ProtocolLib (MC 1.14.3)...
19-07-21 21:38:48 [INFO] Confirm teleport packet available (via name): TELEPORT_ACCEPT[class=PacketPlayInTeleportAccept, id=0]
19-07-21 21:38:48 [INFO] Available (and activated) packet level hooks: UseEntityAdapter | MovingFlying | OutgoingPosition | KeepAliveAdapter | SoundDistance
19-07-21 21:38:48 [INFO] Force disable FastHeal on Minecraft 1.9 and later.
19-07-21 21:38:48 [INFO] Version 3.16.1-SNAPSHOT-b5.0.3 is enabled.
19-07-21 21:38:49 [INFO] [GenericInstanceRegistry] Registered (override) for itself: fr.neatmonster.nocheatplus.hooks.ExemptionSettings
19-07-21 21:38:49 [INFO] [GenericInstanceRegistry] Registered for itself: fr.neatmonster.nocheatplus.stats.Counters
19-07-21 21:38:49 [INFO] [GenericInstanceRegistry] Registered for itself: fr.neatmonster.nocheatplus.checks.workaround.WRPT
19-07-21 21:38:49 [INFO] [GenericInstanceRegistry] Registered for itself: fr.neatmonster.nocheatplus.checks.moving.location.tracking.LocationTrace$TraceEntryPool
19-07-21 21:38:49 [INFO] [GenericInstanceRegistry] Registered for itself: fr.neatmonster.nocheatplus.utilities.entity.PassengerUtil
19-07-21 21:38:49 [INFO] [GenericInstanceRegistry] Registered for itself: java.util.Random
19-07-21 21:38:49 [INFO] [GenericInstanceRegistry] Registered for fr.neatmonster.nocheatplus.compat.IBridgeCrossPlugin: fr.neatmonster.nocheatplus.compat.meta.BridgeCrossPlugin
19-07-21 21:38:49 [INFO] [GenericInstanceRegistry] Registered for fr.neatmonster.nocheatplus.compat.MCAccess: fr.neatmonster.nocheatplus.compat.bukkit.MCAccessBukkitModern
19-07-21 21:38:49 [INFO] [GenericInstanceRegistry] Registered for fr.neatmonster.nocheatplus.utilities.map.BlockCache: fr.neatmonster.nocheatplus.compat.bukkit.BlockCacheBukkitModern
19-07-21 21:38:49 [INFO] [GenericInstanceRegistry] Registered for fr.neatmonster.nocheatplus.components.modifier.IAttributeAccess: fr.neatmonster.nocheatplus.compat.bukkit.BukkitAttributeAccess
19-07-21 21:38:49 [INFO] [GenericInstanceRegistry] Registered for fr.neatmonster.nocheatplus.components.entity.IEntityAccessLastPositionAndLook: fr.neatmonster.nocheatplus.compat.cbreflect.reflect.ReflectEntityLastPositionAndLook
19-07-21 21:38:49 [INFO] [GenericInstanceRegistry] Registered for fr.neatmonster.nocheatplus.components.entity.IEntityAccessVehicle: fr.neatmonster.nocheatplus.compat.bukkit.EntityAccessVehicleMultiPassenger
19-07-21 21:38:49 [INFO] [GenericInstanceRegistry] Registered for itself: fr.neatmonster.nocheatplus.checks.moving.util.AuxMoving
19-07-21 21:38:49 [INFO] Added hook: AllViolations(NCP) [1.0].
19-07-21 21:38:49 [INFO] Added hook: mcMMO(cncp) [2.3].
19-07-21 21:38:49 [INFO] Post-enable running...
19-07-21 21:38:49 [INFO] Post-enable finished.
19-07-21 21:38:52 [INFO] ---- Version information ----
#### Server ####
git-Paper-131 ~MC: 1.14.3~
  detected: 1.14.3
#### NoCheatPlus ####
Plugin: 3.16.1-SNAPSHOT-b5.0.3
MCAccess: 1.13.2-1.14|? / Bukkit-API
Features:
  blocks: BlocksMC1_4 | BlocksMC1_5 | BlocksMC1_6_1 | BlocksMC1_7_2 | BlocksMC1_8 | BlocksMC1_9 | BlocksMC1_10 | BlocksMC1_11 | BlocksMC1_12 | BlocksMC1_13 | BlocksMC1_14 | MCAccessBukkitModern
  checks: FastConsume | Gutenberg | HotFixFallingBlockPortalEnter | AttackFrequency | FlyingFrequency | KeepAliveFrequency
  defaults: pvpKnockBackVelocity
  packet-listeners: UseEntityAdapter | MovingFlying | OutgoingPosition | KeepAliveAdapter | SoundDistance
Hooks: AllViolations~NCP~ 1.0 | mcMMO~cncp~ 2.3
#### Related Plugins ####
CompatNoCheatPlus v6.6.5-RC-sMD5NET-b90 | ProtocolLib v4.5.0-SNAPSHOT
